<?xml version="1.0" encoding="UTF-8"?>
<!-- Generated by org.testng.reporters.JUnitReportReporter -->
<testsuite skipped="0" hostname="Home-PC" name="com.java.FrameUnitTest.DriverScript" tests="1" failures="0" timestamp="01 May 2019 13:23:36 GMT" time="24.593" errors="0">
  <testcase name="TestCaseExecutor" time="24.593" classname="com.java.FrameUnitTest.DriverScript"/>
</testsuite> <!-- com.java.FrameUnitTest.DriverScript -->
